2012/11/05 14:01:12 [error] [php] require(): Filename cannot be empty (D:\wamp\www\p999\framework\web\CBaseController.php:131)
Stack trace:
#0 D:\wamp\www\p999\framework\zii\widgets\CListView.php(260): QuestionController->renderFile()
#1 D:\wamp\www\p999\framework\zii\widgets\CBaseListView.php(161): TbListView->renderItems()
#2 unknown(0): TbListView->renderSection()
#3 D:\wamp\www\p999\framework\zii\widgets\CBaseListView.php(144): preg_replace_callback()
#4 D:\wamp\www\p999\framework\zii\widgets\CBaseListView.php(129): TbListView->renderContent()
#5 D:\wamp\www\p999\framework\web\CBaseController.php(174): TbListView->run()
#6 D:\wamp\www\p999\protected\views\site\index.php(8): QuestionController->widget()
#7 D:\wamp\www\p999\framework\web\CBaseController.php(127): require()
#8 D:\wamp\www\p999\framework\web\CBaseController.php(96): QuestionController->renderInternal()
#9 D:\wamp\www\p999\framework\web\CController.php(870): QuestionController->renderFile()
#10 D:\wamp\www\p999\framework\web\CController.php(783): QuestionController->renderPartial()
#11 D:\wamp\www\p999\protected\controllers\QuestionController.php(187): QuestionController->render()
#12 unknown(0): QuestionController->actionTag()
#13 D:\wamp\www\p999\framework\web\actions\CAction.php(107): ReflectionMethod->invokeArgs()
#14 D:\wamp\www\p999\framework\web\actions\CInlineAction.php(48): CInlineAction->runWithParamsInternal()
#15 D:\wamp\www\p999\framework\web\CController.php(309): CInlineAction->runWithParams()
#16 D:\wamp\www\p999\framework\web\filters\CFilterChain.php(134): QuestionController->runAction()
#17 D:\wamp\www\p999\framework\web\filters\CFilter.php(41): CFilterChain->run()
#18 D:\wamp\www\p999\framework\web\CController.php(1146): CAccessControlFilter->filter()
#19 D:\wamp\www\p999\framework\web\filters\CInlineFilter.php(59): QuestionController->filterAccessControl()
#20 D:\wamp\www\p999\framework\web\filters\CFilterChain.php(131): CInlineFilter->filter()
#21 D:\wamp\www\p999\framework\web\CController.php(292): CFilterChain->run()
#22 D:\wamp\www\p999\framework\web\CController.php(266): QuestionController->runActionWithFilters()
#23 D:\wamp\www\p999\framework\web\CWebApplication.php(283): QuestionController->run()
#24 D:\wamp\www\p999\framework\web\CWebApplication.php(142): CWebApplication->runController()
#25 D:\wamp\www\p999\framework\base\CApplication.php(162): CWebApplication->processRequest()
#26 D:\wamp\www\p999\index.php(13): CWebApplication->run()
REQUEST_URI=/p999/index.php?r=question/tag&tag=encoding
in D:\wamp\www\p999\protected\views\site\index.php (8)
in D:\wamp\www\p999\protected\controllers\QuestionController.php (187)
in D:\wamp\www\p999\index.php (13)
2012/11/05 14:02:21 [error] [php] require(): Filename cannot be empty (D:\wamp\www\p999\framework\web\CBaseController.php:132)
Stack trace:
#0 D:\wamp\www\p999\framework\zii\widgets\CListView.php(260): QuestionController->renderFile()
#1 D:\wamp\www\p999\framework\zii\widgets\CBaseListView.php(161): TbListView->renderItems()
#2 unknown(0): TbListView->renderSection()
#3 D:\wamp\www\p999\framework\zii\widgets\CBaseListView.php(144): preg_replace_callback()
#4 D:\wamp\www\p999\framework\zii\widgets\CBaseListView.php(129): TbListView->renderContent()
#5 D:\wamp\www\p999\framework\web\CBaseController.php(175): TbListView->run()
#6 D:\wamp\www\p999\protected\views\site\index.php(8): QuestionController->widget()
#7 D:\wamp\www\p999\framework\web\CBaseController.php(128): require()
#8 D:\wamp\www\p999\framework\web\CBaseController.php(96): QuestionController->renderInternal()
#9 D:\wamp\www\p999\framework\web\CController.php(870): QuestionController->renderFile()
#10 D:\wamp\www\p999\framework\web\CController.php(783): QuestionController->renderPartial()
#11 D:\wamp\www\p999\protected\controllers\QuestionController.php(187): QuestionController->render()
#12 unknown(0): QuestionController->actionTag()
#13 D:\wamp\www\p999\framework\web\actions\CAction.php(107): ReflectionMethod->invokeArgs()
#14 D:\wamp\www\p999\framework\web\actions\CInlineAction.php(48): CInlineAction->runWithParamsInternal()
#15 D:\wamp\www\p999\framework\web\CController.php(309): CInlineAction->runWithParams()
#16 D:\wamp\www\p999\framework\web\filters\CFilterChain.php(134): QuestionController->runAction()
#17 D:\wamp\www\p999\framework\web\filters\CFilter.php(41): CFilterChain->run()
#18 D:\wamp\www\p999\framework\web\CController.php(1146): CAccessControlFilter->filter()
#19 D:\wamp\www\p999\framework\web\filters\CInlineFilter.php(59): QuestionController->filterAccessControl()
#20 D:\wamp\www\p999\framework\web\filters\CFilterChain.php(131): CInlineFilter->filter()
#21 D:\wamp\www\p999\framework\web\CController.php(292): CFilterChain->run()
#22 D:\wamp\www\p999\framework\web\CController.php(266): QuestionController->runActionWithFilters()
#23 D:\wamp\www\p999\framework\web\CWebApplication.php(283): QuestionController->run()
#24 D:\wamp\www\p999\framework\web\CWebApplication.php(142): CWebApplication->runController()
#25 D:\wamp\www\p999\framework\base\CApplication.php(162): CWebApplication->processRequest()
#26 D:\wamp\www\p999\index.php(13): CWebApplication->run()
REQUEST_URI=/p999/index.php?r=question/tag&tag=encoding
in D:\wamp\www\p999\protected\views\site\index.php (8)
in D:\wamp\www\p999\protected\controllers\QuestionController.php (187)
in D:\wamp\www\p999\index.php (13)
2012/11/05 14:03:04 [error] [php] require(): Filename cannot be empty (D:\wamp\www\p999\framework\web\CBaseController.php:132)
Stack trace:
#0 D:\wamp\www\p999\framework\zii\widgets\CListView.php(260): QuestionController->renderFile()
#1 D:\wamp\www\p999\framework\zii\widgets\CBaseListView.php(161): TbListView->renderItems()
#2 unknown(0): TbListView->renderSection()
#3 D:\wamp\www\p999\framework\zii\widgets\CBaseListView.php(144): preg_replace_callback()
#4 D:\wamp\www\p999\framework\zii\widgets\CBaseListView.php(129): TbListView->renderContent()
#5 D:\wamp\www\p999\framework\web\CBaseController.php(175): TbListView->run()
#6 D:\wamp\www\p999\protected\views\site\index.php(8): QuestionController->widget()
#7 D:\wamp\www\p999\framework\web\CBaseController.php(128): require()
#8 D:\wamp\www\p999\framework\web\CBaseController.php(96): QuestionController->renderInternal()
#9 D:\wamp\www\p999\framework\web\CController.php(870): QuestionController->renderFile()
#10 D:\wamp\www\p999\framework\web\CController.php(783): QuestionController->renderPartial()
#11 D:\wamp\www\p999\protected\controllers\QuestionController.php(187): QuestionController->render()
#12 unknown(0): QuestionController->actionTag()
#13 D:\wamp\www\p999\framework\web\actions\CAction.php(107): ReflectionMethod->invokeArgs()
#14 D:\wamp\www\p999\framework\web\actions\CInlineAction.php(48): CInlineAction->runWithParamsInternal()
#15 D:\wamp\www\p999\framework\web\CController.php(309): CInlineAction->runWithParams()
#16 D:\wamp\www\p999\framework\web\filters\CFilterChain.php(134): QuestionController->runAction()
#17 D:\wamp\www\p999\framework\web\filters\CFilter.php(41): CFilterChain->run()
#18 D:\wamp\www\p999\framework\web\CController.php(1146): CAccessControlFilter->filter()
#19 D:\wamp\www\p999\framework\web\filters\CInlineFilter.php(59): QuestionController->filterAccessControl()
#20 D:\wamp\www\p999\framework\web\filters\CFilterChain.php(131): CInlineFilter->filter()
#21 D:\wamp\www\p999\framework\web\CController.php(292): CFilterChain->run()
#22 D:\wamp\www\p999\framework\web\CController.php(266): QuestionController->runActionWithFilters()
#23 D:\wamp\www\p999\framework\web\CWebApplication.php(283): QuestionController->run()
#24 D:\wamp\www\p999\framework\web\CWebApplication.php(142): CWebApplication->runController()
#25 D:\wamp\www\p999\framework\base\CApplication.php(162): CWebApplication->processRequest()
#26 D:\wamp\www\p999\index.php(13): CWebApplication->run()
REQUEST_URI=/p999/index.php?r=question/tag&tag=encoding
in D:\wamp\www\p999\protected\views\site\index.php (8)
in D:\wamp\www\p999\protected\controllers\QuestionController.php (187)
in D:\wamp\www\p999\index.php (13)
2012/11/05 14:03:41 [error] [php] require(): Filename cannot be empty (D:\wamp\www\p999\framework\web\CBaseController.php:131)
Stack trace:
#0 D:\wamp\www\p999\framework\zii\widgets\CListView.php(260): QuestionController->renderFile()
#1 D:\wamp\www\p999\framework\zii\widgets\CBaseListView.php(161): TbListView->renderItems()
#2 unknown(0): TbListView->renderSection()
#3 D:\wamp\www\p999\framework\zii\widgets\CBaseListView.php(144): preg_replace_callback()
#4 D:\wamp\www\p999\framework\zii\widgets\CBaseListView.php(129): TbListView->renderContent()
#5 D:\wamp\www\p999\framework\web\CBaseController.php(174): TbListView->run()
#6 D:\wamp\www\p999\protected\views\site\index.php(8): QuestionController->widget()
#7 D:\wamp\www\p999\framework\web\CBaseController.php(127): require()
#8 D:\wamp\www\p999\framework\web\CBaseController.php(96): QuestionController->renderInternal()
#9 D:\wamp\www\p999\framework\web\CController.php(870): QuestionController->renderFile()
#10 D:\wamp\www\p999\framework\web\CController.php(783): QuestionController->renderPartial()
#11 D:\wamp\www\p999\protected\controllers\QuestionController.php(187): QuestionController->render()
#12 unknown(0): QuestionController->actionTag()
#13 D:\wamp\www\p999\framework\web\actions\CAction.php(107): ReflectionMethod->invokeArgs()
#14 D:\wamp\www\p999\framework\web\actions\CInlineAction.php(48): CInlineAction->runWithParamsInternal()
#15 D:\wamp\www\p999\framework\web\CController.php(309): CInlineAction->runWithParams()
#16 D:\wamp\www\p999\framework\web\filters\CFilterChain.php(134): QuestionController->runAction()
#17 D:\wamp\www\p999\framework\web\filters\CFilter.php(41): CFilterChain->run()
#18 D:\wamp\www\p999\framework\web\CController.php(1146): CAccessControlFilter->filter()
#19 D:\wamp\www\p999\framework\web\filters\CInlineFilter.php(59): QuestionController->filterAccessControl()
#20 D:\wamp\www\p999\framework\web\filters\CFilterChain.php(131): CInlineFilter->filter()
#21 D:\wamp\www\p999\framework\web\CController.php(292): CFilterChain->run()
#22 D:\wamp\www\p999\framework\web\CController.php(266): QuestionController->runActionWithFilters()
#23 D:\wamp\www\p999\framework\web\CWebApplication.php(283): QuestionController->run()
#24 D:\wamp\www\p999\framework\web\CWebApplication.php(142): CWebApplication->runController()
#25 D:\wamp\www\p999\framework\base\CApplication.php(162): CWebApplication->processRequest()
#26 D:\wamp\www\p999\index.php(13): CWebApplication->run()
REQUEST_URI=/p999/index.php?r=question/tag&tag=encoding
in D:\wamp\www\p999\protected\views\site\index.php (8)
in D:\wamp\www\p999\protected\controllers\QuestionController.php (187)
in D:\wamp\www\p999\index.php (13)
2012/11/05 14:04:04 [error] [php] require(): Filename cannot be empty (D:\wamp\www\p999\framework\web\CBaseController.php:131)
Stack trace:
#0 D:\wamp\www\p999\framework\zii\widgets\CListView.php(260): QuestionController->renderFile()
#1 D:\wamp\www\p999\framework\zii\widgets\CBaseListView.php(161): TbListView->renderItems()
#2 unknown(0): TbListView->renderSection()
#3 D:\wamp\www\p999\framework\zii\widgets\CBaseListView.php(144): preg_replace_callback()
#4 D:\wamp\www\p999\framework\zii\widgets\CBaseListView.php(129): TbListView->renderContent()
#5 D:\wamp\www\p999\framework\web\CBaseController.php(174): TbListView->run()
#6 D:\wamp\www\p999\protected\views\site\index.php(8): QuestionController->widget()
#7 D:\wamp\www\p999\framework\web\CBaseController.php(127): require()
#8 D:\wamp\www\p999\framework\web\CBaseController.php(96): QuestionController->renderInternal()
#9 D:\wamp\www\p999\framework\web\CController.php(870): QuestionController->renderFile()
#10 D:\wamp\www\p999\framework\web\CController.php(783): QuestionController->renderPartial()
#11 D:\wamp\www\p999\protected\controllers\QuestionController.php(187): QuestionController->render()
#12 unknown(0): QuestionController->actionTag()
#13 D:\wamp\www\p999\framework\web\actions\CAction.php(107): ReflectionMethod->invokeArgs()
#14 D:\wamp\www\p999\framework\web\actions\CInlineAction.php(48): CInlineAction->runWithParamsInternal()
#15 D:\wamp\www\p999\framework\web\CController.php(309): CInlineAction->runWithParams()
#16 D:\wamp\www\p999\framework\web\filters\CFilterChain.php(134): QuestionController->runAction()
#17 D:\wamp\www\p999\framework\web\filters\CFilter.php(41): CFilterChain->run()
#18 D:\wamp\www\p999\framework\web\CController.php(1146): CAccessControlFilter->filter()
#19 D:\wamp\www\p999\framework\web\filters\CInlineFilter.php(59): QuestionController->filterAccessControl()
#20 D:\wamp\www\p999\framework\web\filters\CFilterChain.php(131): CInlineFilter->filter()
#21 D:\wamp\www\p999\framework\web\CController.php(292): CFilterChain->run()
#22 D:\wamp\www\p999\framework\web\CController.php(266): QuestionController->runActionWithFilters()
#23 D:\wamp\www\p999\framework\web\CWebApplication.php(283): QuestionController->run()
#24 D:\wamp\www\p999\framework\web\CWebApplication.php(142): CWebApplication->runController()
#25 D:\wamp\www\p999\framework\base\CApplication.php(162): CWebApplication->processRequest()
#26 D:\wamp\www\p999\index.php(13): CWebApplication->run()
REQUEST_URI=/p999/index.php?r=question/tag&tag=encoding
in D:\wamp\www\p999\protected\views\site\index.php (8)
in D:\wamp\www\p999\protected\controllers\QuestionController.php (187)
in D:\wamp\www\p999\index.php (13)
2012/11/05 14:08:51 [error] [php] require(): Filename cannot be empty (D:\wamp\www\p999\framework\web\CBaseController.php:131)
Stack trace:
#0 D:\wamp\www\p999\framework\zii\widgets\CListView.php(260): QuestionController->renderFile()
#1 D:\wamp\www\p999\framework\zii\widgets\CBaseListView.php(161): TbListView->renderItems()
#2 unknown(0): TbListView->renderSection()
#3 D:\wamp\www\p999\framework\zii\widgets\CBaseListView.php(144): preg_replace_callback()
#4 D:\wamp\www\p999\framework\zii\widgets\CBaseListView.php(129): TbListView->renderContent()
#5 D:\wamp\www\p999\framework\web\CBaseController.php(174): TbListView->run()
#6 D:\wamp\www\p999\protected\views\site\index.php(8): QuestionController->widget()
#7 D:\wamp\www\p999\framework\web\CBaseController.php(127): require()
#8 D:\wamp\www\p999\framework\web\CBaseController.php(96): QuestionController->renderInternal()
#9 D:\wamp\www\p999\framework\web\CController.php(870): QuestionController->renderFile()
#10 D:\wamp\www\p999\framework\web\CController.php(783): QuestionController->renderPartial()
#11 D:\wamp\www\p999\protected\controllers\QuestionController.php(193): QuestionController->render()
#12 unknown(0): QuestionController->actionTag()
#13 D:\wamp\www\p999\framework\web\actions\CAction.php(107): ReflectionMethod->invokeArgs()
#14 D:\wamp\www\p999\framework\web\actions\CInlineAction.php(48): CInlineAction->runWithParamsInternal()
#15 D:\wamp\www\p999\framework\web\CController.php(309): CInlineAction->runWithParams()
#16 D:\wamp\www\p999\framework\web\filters\CFilterChain.php(134): QuestionController->runAction()
#17 D:\wamp\www\p999\framework\web\filters\CFilter.php(41): CFilterChain->run()
#18 D:\wamp\www\p999\framework\web\CController.php(1146): CAccessControlFilter->filter()
#19 D:\wamp\www\p999\framework\web\filters\CInlineFilter.php(59): QuestionController->filterAccessControl()
#20 D:\wamp\www\p999\framework\web\filters\CFilterChain.php(131): CInlineFilter->filter()
#21 D:\wamp\www\p999\framework\web\CController.php(292): CFilterChain->run()
#22 D:\wamp\www\p999\framework\web\CController.php(266): QuestionController->runActionWithFilters()
#23 D:\wamp\www\p999\framework\web\CWebApplication.php(283): QuestionController->run()
#24 D:\wamp\www\p999\framework\web\CWebApplication.php(142): CWebApplication->runController()
#25 D:\wamp\www\p999\framework\base\CApplication.php(162): CWebApplication->processRequest()
#26 D:\wamp\www\p999\index.php(13): CWebApplication->run()
REQUEST_URI=/p999/index.php?r=question/tag&tag=encoding
in D:\wamp\www\p999\protected\views\site\index.php (8)
in D:\wamp\www\p999\protected\controllers\QuestionController.php (193)
in D:\wamp\www\p999\index.php (13)
2012/11/05 14:09:21 [error] [php] require(): Filename cannot be empty (D:\wamp\www\p999\framework\web\CBaseController.php:131)
Stack trace:
#0 D:\wamp\www\p999\framework\zii\widgets\CListView.php(260): QuestionController->renderFile()
#1 D:\wamp\www\p999\framework\zii\widgets\CBaseListView.php(161): TbListView->renderItems()
#2 unknown(0): TbListView->renderSection()
#3 D:\wamp\www\p999\framework\zii\widgets\CBaseListView.php(144): preg_replace_callback()
#4 D:\wamp\www\p999\framework\zii\widgets\CBaseListView.php(129): TbListView->renderContent()
#5 D:\wamp\www\p999\framework\web\CBaseController.php(174): TbListView->run()
#6 D:\wamp\www\p999\protected\views\site\index.php(8): QuestionController->widget()
#7 D:\wamp\www\p999\framework\web\CBaseController.php(127): require()
#8 D:\wamp\www\p999\framework\web\CBaseController.php(96): QuestionController->renderInternal()
#9 D:\wamp\www\p999\framework\web\CController.php(870): QuestionController->renderFile()
#10 D:\wamp\www\p999\framework\web\CController.php(783): QuestionController->renderPartial()
#11 D:\wamp\www\p999\protected\controllers\QuestionController.php(194): QuestionController->render()
#12 unknown(0): QuestionController->actionTag()
#13 D:\wamp\www\p999\framework\web\actions\CAction.php(107): ReflectionMethod->invokeArgs()
#14 D:\wamp\www\p999\framework\web\actions\CInlineAction.php(48): CInlineAction->runWithParamsInternal()
#15 D:\wamp\www\p999\framework\web\CController.php(309): CInlineAction->runWithParams()
#16 D:\wamp\www\p999\framework\web\filters\CFilterChain.php(134): QuestionController->runAction()
#17 D:\wamp\www\p999\framework\web\filters\CFilter.php(41): CFilterChain->run()
#18 D:\wamp\www\p999\framework\web\CController.php(1146): CAccessControlFilter->filter()
#19 D:\wamp\www\p999\framework\web\filters\CInlineFilter.php(59): QuestionController->filterAccessControl()
#20 D:\wamp\www\p999\framework\web\filters\CFilterChain.php(131): CInlineFilter->filter()
#21 D:\wamp\www\p999\framework\web\CController.php(292): CFilterChain->run()
#22 D:\wamp\www\p999\framework\web\CController.php(266): QuestionController->runActionWithFilters()
#23 D:\wamp\www\p999\framework\web\CWebApplication.php(283): QuestionController->run()
#24 D:\wamp\www\p999\framework\web\CWebApplication.php(142): CWebApplication->runController()
#25 D:\wamp\www\p999\framework\base\CApplication.php(162): CWebApplication->processRequest()
#26 D:\wamp\www\p999\index.php(13): CWebApplication->run()
REQUEST_URI=/p999/index.php?r=question/tag&tag=encoding
in D:\wamp\www\p999\protected\views\site\index.php (8)
in D:\wamp\www\p999\protected\controllers\QuestionController.php (194)
in D:\wamp\www\p999\index.php (13)
2012/11/05 14:11:57 [error] [php] require(): Filename cannot be empty (D:\wamp\www\p999\framework\web\CBaseController.php:131)
Stack trace:
#0 D:\wamp\www\p999\framework\zii\widgets\CListView.php(260): QuestionController->renderFile()
#1 D:\wamp\www\p999\framework\zii\widgets\CBaseListView.php(161): TbListView->renderItems()
#2 unknown(0): TbListView->renderSection()
#3 D:\wamp\www\p999\framework\zii\widgets\CBaseListView.php(144): preg_replace_callback()
#4 D:\wamp\www\p999\framework\zii\widgets\CBaseListView.php(129): TbListView->renderContent()
#5 D:\wamp\www\p999\framework\web\CBaseController.php(174): TbListView->run()
#6 D:\wamp\www\p999\protected\views\site\index.php(8): QuestionController->widget()
#7 D:\wamp\www\p999\framework\web\CBaseController.php(127): require()
#8 D:\wamp\www\p999\framework\web\CBaseController.php(96): QuestionController->renderInternal()
#9 D:\wamp\www\p999\framework\web\CController.php(870): QuestionController->renderFile()
#10 D:\wamp\www\p999\framework\web\CController.php(783): QuestionController->renderPartial()
#11 D:\wamp\www\p999\protected\controllers\QuestionController.php(194): QuestionController->render()
#12 unknown(0): QuestionController->actionTag()
#13 D:\wamp\www\p999\framework\web\actions\CAction.php(107): ReflectionMethod->invokeArgs()
#14 D:\wamp\www\p999\framework\web\actions\CInlineAction.php(48): CInlineAction->runWithParamsInternal()
#15 D:\wamp\www\p999\framework\web\CController.php(309): CInlineAction->runWithParams()
#16 D:\wamp\www\p999\framework\web\filters\CFilterChain.php(134): QuestionController->runAction()
#17 D:\wamp\www\p999\framework\web\filters\CFilter.php(41): CFilterChain->run()
#18 D:\wamp\www\p999\framework\web\CController.php(1146): CAccessControlFilter->filter()
#19 D:\wamp\www\p999\framework\web\filters\CInlineFilter.php(59): QuestionController->filterAccessControl()
#20 D:\wamp\www\p999\framework\web\filters\CFilterChain.php(131): CInlineFilter->filter()
#21 D:\wamp\www\p999\framework\web\CController.php(292): CFilterChain->run()
#22 D:\wamp\www\p999\framework\web\CController.php(266): QuestionController->runActionWithFilters()
#23 D:\wamp\www\p999\framework\web\CWebApplication.php(283): QuestionController->run()
#24 D:\wamp\www\p999\framework\web\CWebApplication.php(142): CWebApplication->runController()
#25 D:\wamp\www\p999\framework\base\CApplication.php(162): CWebApplication->processRequest()
#26 D:\wamp\www\p999\index.php(13): CWebApplication->run()
REQUEST_URI=/p999/index.php?r=question/tag&tag=encoding
in D:\wamp\www\p999\protected\views\site\index.php (8)
in D:\wamp\www\p999\protected\controllers\QuestionController.php (194)
in D:\wamp\www\p999\index.php (13)
2012/11/05 14:17:25 [error] [php] strpos() expects parameter 1 to be string, array given (D:\wamp\www\p999\framework\web\CController.php:707)
Stack trace:
#0 D:\wamp\www\p999\framework\web\CController.php(868): QuestionController->getViewFile()
#1 D:\wamp\www\p999\framework\web\CController.php(783): QuestionController->renderPartial()
#2 D:\wamp\www\p999\protected\controllers\QuestionController.php(194): QuestionController->render()
#3 unknown(0): QuestionController->actionTag()
#4 D:\wamp\www\p999\framework\web\actions\CAction.php(107): ReflectionMethod->invokeArgs()
#5 D:\wamp\www\p999\framework\web\actions\CInlineAction.php(48): CInlineAction->runWithParamsInternal()
#6 D:\wamp\www\p999\framework\web\CController.php(309): CInlineAction->runWithParams()
#7 D:\wamp\www\p999\framework\web\filters\CFilterChain.php(134): QuestionController->runAction()
#8 D:\wamp\www\p999\framework\web\filters\CFilter.php(41): CFilterChain->run()
#9 D:\wamp\www\p999\framework\web\CController.php(1146): CAccessControlFilter->filter()
#10 D:\wamp\www\p999\framework\web\filters\CInlineFilter.php(59): QuestionController->filterAccessControl()
#11 D:\wamp\www\p999\framework\web\filters\CFilterChain.php(131): CInlineFilter->filter()
#12 D:\wamp\www\p999\framework\web\CController.php(292): CFilterChain->run()
#13 D:\wamp\www\p999\framework\web\CController.php(266): QuestionController->runActionWithFilters()
#14 D:\wamp\www\p999\framework\web\CWebApplication.php(283): QuestionController->run()
#15 D:\wamp\www\p999\framework\web\CWebApplication.php(142): CWebApplication->runController()
#16 D:\wamp\www\p999\framework\base\CApplication.php(162): CWebApplication->processRequest()
#17 D:\wamp\www\p999\index.php(13): CWebApplication->run()
REQUEST_URI=/p999/index.php?r=question/tag&tag=encoding
in D:\wamp\www\p999\protected\controllers\QuestionController.php (194)
in D:\wamp\www\p999\index.php (13)
2012/11/05 14:17:35 [error] [php] require(): Filename cannot be empty (D:\wamp\www\p999\framework\web\CBaseController.php:131)
Stack trace:
#0 D:\wamp\www\p999\framework\zii\widgets\CListView.php(260): QuestionController->renderFile()
#1 D:\wamp\www\p999\framework\zii\widgets\CBaseListView.php(161): TbListView->renderItems()
#2 unknown(0): TbListView->renderSection()
#3 D:\wamp\www\p999\framework\zii\widgets\CBaseListView.php(144): preg_replace_callback()
#4 D:\wamp\www\p999\framework\zii\widgets\CBaseListView.php(129): TbListView->renderContent()
#5 D:\wamp\www\p999\framework\web\CBaseController.php(174): TbListView->run()
#6 D:\wamp\www\p999\protected\views\question\tag.php(8): QuestionController->widget()
#7 D:\wamp\www\p999\framework\web\CBaseController.php(127): require()
#8 D:\wamp\www\p999\framework\web\CBaseController.php(96): QuestionController->renderInternal()
#9 D:\wamp\www\p999\framework\web\CController.php(870): QuestionController->renderFile()
#10 D:\wamp\www\p999\framework\web\CController.php(783): QuestionController->renderPartial()
#11 D:\wamp\www\p999\protected\controllers\QuestionController.php(194): QuestionController->render()
#12 unknown(0): QuestionController->actionTag()
#13 D:\wamp\www\p999\framework\web\actions\CAction.php(107): ReflectionMethod->invokeArgs()
#14 D:\wamp\www\p999\framework\web\actions\CInlineAction.php(48): CInlineAction->runWithParamsInternal()
#15 D:\wamp\www\p999\framework\web\CController.php(309): CInlineAction->runWithParams()
#16 D:\wamp\www\p999\framework\web\filters\CFilterChain.php(134): QuestionController->runAction()
#17 D:\wamp\www\p999\framework\web\filters\CFilter.php(41): CFilterChain->run()
#18 D:\wamp\www\p999\framework\web\CController.php(1146): CAccessControlFilter->filter()
#19 D:\wamp\www\p999\framework\web\filters\CInlineFilter.php(59): QuestionController->filterAccessControl()
#20 D:\wamp\www\p999\framework\web\filters\CFilterChain.php(131): CInlineFilter->filter()
#21 D:\wamp\www\p999\framework\web\CController.php(292): CFilterChain->run()
#22 D:\wamp\www\p999\framework\web\CController.php(266): QuestionController->runActionWithFilters()
#23 D:\wamp\www\p999\framework\web\CWebApplication.php(283): QuestionController->run()
#24 D:\wamp\www\p999\framework\web\CWebApplication.php(142): CWebApplication->runController()
#25 D:\wamp\www\p999\framework\base\CApplication.php(162): CWebApplication->processRequest()
#26 D:\wamp\www\p999\index.php(13): CWebApplication->run()
REQUEST_URI=/p999/index.php?r=question/tag&tag=encoding
in D:\wamp\www\p999\protected\views\question\tag.php (8)
in D:\wamp\www\p999\protected\controllers\QuestionController.php (194)
in D:\wamp\www\p999\index.php (13)
2012/11/05 14:17:57 [error] [php] require(): Filename cannot be empty (D:\wamp\www\p999\framework\web\CBaseController.php:131)
Stack trace:
#0 D:\wamp\www\p999\framework\zii\widgets\CListView.php(260): QuestionController->renderFile()
#1 D:\wamp\www\p999\framework\zii\widgets\CBaseListView.php(161): TbListView->renderItems()
#2 unknown(0): TbListView->renderSection()
#3 D:\wamp\www\p999\framework\zii\widgets\CBaseListView.php(144): preg_replace_callback()
#4 D:\wamp\www\p999\framework\zii\widgets\CBaseListView.php(129): TbListView->renderContent()
#5 D:\wamp\www\p999\framework\web\CBaseController.php(174): TbListView->run()
#6 D:\wamp\www\p999\protected\views\question\tag.php(8): QuestionController->widget()
#7 D:\wamp\www\p999\framework\web\CBaseController.php(127): require()
#8 D:\wamp\www\p999\framework\web\CBaseController.php(96): QuestionController->renderInternal()
#9 D:\wamp\www\p999\framework\web\CController.php(870): QuestionController->renderFile()
#10 D:\wamp\www\p999\framework\web\CController.php(783): QuestionController->renderPartial()
#11 D:\wamp\www\p999\protected\controllers\QuestionController.php(194): QuestionController->render()
#12 unknown(0): QuestionController->actionTag()
#13 D:\wamp\www\p999\framework\web\actions\CAction.php(107): ReflectionMethod->invokeArgs()
#14 D:\wamp\www\p999\framework\web\actions\CInlineAction.php(48): CInlineAction->runWithParamsInternal()
#15 D:\wamp\www\p999\framework\web\CController.php(309): CInlineAction->runWithParams()
#16 D:\wamp\www\p999\framework\web\filters\CFilterChain.php(134): QuestionController->runAction()
#17 D:\wamp\www\p999\framework\web\filters\CFilter.php(41): CFilterChain->run()
#18 D:\wamp\www\p999\framework\web\CController.php(1146): CAccessControlFilter->filter()
#19 D:\wamp\www\p999\framework\web\filters\CInlineFilter.php(59): QuestionController->filterAccessControl()
#20 D:\wamp\www\p999\framework\web\filters\CFilterChain.php(131): CInlineFilter->filter()
#21 D:\wamp\www\p999\framework\web\CController.php(292): CFilterChain->run()
#22 D:\wamp\www\p999\framework\web\CController.php(266): QuestionController->runActionWithFilters()
#23 D:\wamp\www\p999\framework\web\CWebApplication.php(283): QuestionController->run()
#24 D:\wamp\www\p999\framework\web\CWebApplication.php(142): CWebApplication->runController()
#25 D:\wamp\www\p999\framework\base\CApplication.php(162): CWebApplication->processRequest()
#26 D:\wamp\www\p999\index.php(13): CWebApplication->run()
REQUEST_URI=/p999/index.php?r=question/tag&tag=encoding
in D:\wamp\www\p999\protected\views\question\tag.php (8)
in D:\wamp\www\p999\protected\controllers\QuestionController.php (194)
in D:\wamp\www\p999\index.php (13)
